<?xml version="1.0" encoding="UTF-8"?>
<!-- Generated by org.testng.reporters.JUnitReportReporter -->
<testsuite skipped="0" hostname="DESKTOP-STD4F8R" name="FlagsinTestNG.FlagUsingdepencies" tests="5" failures="0" timestamp="2021-06-24T18:13:14 IST" time="0.016" errors="0">
  <testcase name="login" time="0.012" classname="FlagsinTestNG.FlagUsingdepencies"/>
  <system-out>
    <![CDATA[Hiee I am from the login]]>
  </system-out>
  <testcase name="AddUser" time="0.001" classname="FlagsinTestNG.FlagUsingdepencies"/>
  <system-out>
    <![CDATA[Hiee I am from the AddUser]]>
  </system-out>
  <testcase name="createUser" time="0.001" classname="FlagsinTestNG.FlagUsingdepencies"/>
  <system-out>
    <![CDATA[Hiee I am from the createUser]]>
  </system-out>
  <testcase name="viewUser" time="0.001" classname="FlagsinTestNG.FlagUsingdepencies"/>
  <system-out>
    <![CDATA[Hiee I am from the viewUser]]>
  </system-out>
  <testcase name="logOut" time="0.001" classname="FlagsinTestNG.FlagUsingdepencies"/>
  <system-out>
    <![CDATA[Hiee I am from the logout]]>
  </system-out>
</testsuite> <!-- FlagsinTestNG.FlagUsingdepencies -->
