<?xml version="1.0" encoding="UTF-8"?>
<!-- Generated by org.testng.reporters.JUnitReportReporter -->
<testsuite skipped="0" hostname="DESKTOP-STD4F8R" name="ParallelExecution.Methodparallely" tests="2" failures="0" timestamp="2021-06-28T21:29:13 IST" time="52.652" errors="0">
  <testcase name="methodA" time="31.476" classname="ParallelExecution.Methodparallely"/>
  <system-out/>
  <testcase name="methodB" time="21.176" classname="ParallelExecution.Methodparallely"/>
  <system-out/>
</testsuite> <!-- ParallelExecution.Methodparallely -->
