<?xml version="1.0" encoding="UTF-8"?>
<!-- Generated by org.testng.reporters.JUnitReportReporter -->
<testsuite skipped="0" hostname="DESKTOP-STD4F8R" name="FlagsinTestNG.FlagUsingInvocationCount" tests="13" failures="0" timestamp="2021-06-25T14:45:20 IST" time="0.054" errors="0">
  <testcase name="logout" time="0.004" classname="FlagsinTestNG.FlagUsingInvocationCount"/>
  <system-out>
    <![CDATA[LogOut from the application]]>
  </system-out>
  <testcase name="logout" time="0.002" classname="FlagsinTestNG.FlagUsingInvocationCount"/>
  <system-out>
    <![CDATA[LogOut from the application]]>
  </system-out>
  <testcase name="logout" time="0.002" classname="FlagsinTestNG.FlagUsingInvocationCount"/>
  <system-out>
    <![CDATA[LogOut from the application]]>
  </system-out>
  <testcase name="logout" time="0.002" classname="FlagsinTestNG.FlagUsingInvocationCount"/>
  <system-out>
    <![CDATA[LogOut from the application]]>
  </system-out>
  <testcase name="viewUser" time="0.002" classname="FlagsinTestNG.FlagUsingInvocationCount"/>
  <system-out>
    <![CDATA[ViewUser from the applicaton]]>
  </system-out>
  <testcase name="login" time="0.013" classname="FlagsinTestNG.FlagUsingInvocationCount"/>
  <system-out>
    <![CDATA[Login from the application]]>
  </system-out>
  <testcase name="logout" time="0.007" classname="FlagsinTestNG.FlagUsingInvocationCount"/>
  <system-out>
    <![CDATA[LogOut from the application]]>
  </system-out>
  <testcase name="logout" time="0.004" classname="FlagsinTestNG.FlagUsingInvocationCount"/>
  <system-out>
    <![CDATA[LogOut from the application]]>
  </system-out>
  <testcase name="createUser" time="0.003" classname="FlagsinTestNG.FlagUsingInvocationCount"/>
  <system-out>
    <![CDATA[CreateUser from the application]]>
  </system-out>
  <testcase name="logout" time="0.002" classname="FlagsinTestNG.FlagUsingInvocationCount"/>
  <system-out>
    <![CDATA[LogOut from the application]]>
  </system-out>
  <testcase name="logout" time="0.001" classname="FlagsinTestNG.FlagUsingInvocationCount"/>
  <system-out>
    <![CDATA[LogOut from the application]]>
  </system-out>
  <testcase name="logout" time="0.002" classname="FlagsinTestNG.FlagUsingInvocationCount"/>
  <system-out>
    <![CDATA[LogOut from the application]]>
  </system-out>
  <testcase name="logout" time="0.010" classname="FlagsinTestNG.FlagUsingInvocationCount"/>
  <system-out>
    <![CDATA[LogOut from the application]]>
  </system-out>
</testsuite> <!-- FlagsinTestNG.FlagUsingInvocationCount -->
