<?xml version="1.0" encoding="UTF-8"?>
<!-- Generated by org.testng.reporters.JUnitReportReporter -->
<testsuite skipped="0" hostname="DESKTOP-STD4F8R" name="DataParameterization.ActiTime" tests="1" failures="0" timestamp="2021-06-26T09:36:15 IST" time="11.604" errors="0">
  <testcase name="actiTime" time="11.604" classname="DataParameterization.ActiTime"/>
  <system-out/>
</testsuite> <!-- DataParameterization.ActiTime -->
