<?xml version="1.0" encoding="UTF-8"?>
<!-- Generated by org.testng.reporters.JUnitReportReporter -->
<testsuite skipped="0" hostname="DESKTOP-STD4F8R" name="DataParameterization.OrangeHRMLogin" tests="2" failures="0" timestamp="2021-06-26T15:57:41 IST" time="91.028" errors="0">
  <testcase name="LoginPage" time="72.571" classname="DataParameterization.OrangeHRMLogin"/>
  <system-out/>
  <testcase name="LoginPage" time="18.457" classname="DataParameterization.OrangeHRMLogin"/>
  <system-out/>
</testsuite> <!-- DataParameterization.OrangeHRMLogin -->
