<?xml version="1.0" encoding="UTF-8"?>
<!-- Generated by org.testng.reporters.JUnitReportReporter -->
<testsuite skipped="0" hostname="DESKTOP-STD4F8R" name="AnnotationInTestNG.TestNGAnnotationsUpdated" tests="3" failures="0" timestamp="2021-06-30T12:21:34 IST" time="0.038" errors="0">
  <testcase name="addEmployee1" time="0.013" classname="AnnotationInTestNG.TestNGAnnotationsUpdated"/>
  <system-out>
    <![CDATA[Add employee ]]>
  </system-out>
  <testcase name="createUser" time="0.006" classname="AnnotationInTestNG.TestNGAnnotationsUpdated"/>
  <system-out>
    <![CDATA[The user is created]]>
  </system-out>
  <testcase name="addEmployee" time="0.019" classname="AnnotationInTestNG.TestNGAnnotationsUpdated"/>
  <system-out>
    <![CDATA[Add employee ]]>
  </system-out>
</testsuite> <!-- AnnotationInTestNG.TestNGAnnotationsUpdated -->
