<?xml version="1.0" encoding="UTF-8"?>
<!-- Generated by org.testng.reporters.JUnitReportReporter -->
<testsuite skipped="0" hostname="DESKTOP-STD4F8R" name="AnnotationInTestNG.TestNGRealTime" tests="1" failures="0" timestamp="2021-06-30T12:22:29 IST" time="0.025" errors="0">
  <testcase name="f" time="0.025" classname="AnnotationInTestNG.TestNGRealTime"/>
  <system-out>
    <![CDATA[TestCase ]]>
  </system-out>
</testsuite> <!-- AnnotationInTestNG.TestNGRealTime -->
