<?xml version="1.0" encoding="UTF-8"?>
<!-- Generated by org.testng.reporters.JUnitReportReporter -->
<testsuite skipped="0" hostname="DESKTOP-STD4F8R" name="FlagsinTestNG.FlagUsingDescription" tests="4" failures="0" timestamp="2021-06-25T14:36:01 IST" time="0.021" errors="0">
  <testcase name="createUser" time="0.014" classname="FlagsinTestNG.FlagUsingDescription"/>
  <system-out>
    <![CDATA[CreateUser from the application]]>
  </system-out>
  <testcase name="login" time="0.002" classname="FlagsinTestNG.FlagUsingDescription"/>
  <system-out>
    <![CDATA[Login from the application]]>
  </system-out>
  <testcase name="logout" time="0.002" classname="FlagsinTestNG.FlagUsingDescription"/>
  <system-out>
    <![CDATA[LogOut from the application]]>
  </system-out>
  <testcase name="viewUser" time="0.003" classname="FlagsinTestNG.FlagUsingDescription"/>
  <system-out>
    <![CDATA[ViewUser from the applicaton]]>
  </system-out>
</testsuite> <!-- FlagsinTestNG.FlagUsingDescription -->
