<?xml version="1.0" encoding="UTF-8"?>
<!-- Generated by org.testng.reporters.JUnitReportReporter -->
<testsuite skipped="0" hostname="DESKTOP-STD4F8R" name="ParallelExecution.Class1" tests="2" failures="0" timestamp="2021-06-28T21:47:48 IST" time="54.127" errors="0">
  <testcase name="setUp" time="50.494" classname="ParallelExecution.Class1"/>
  <system-out/>
  <testcase name="tearDown" time="3.633" classname="ParallelExecution.Class1"/>
  <system-out/>
</testsuite> <!-- ParallelExecution.Class1 -->
