<?xml version="1.0" encoding="UTF-8"?>
<!-- Generated by org.testng.reporters.JUnitReportReporter -->
<testsuite skipped="0" hostname="DESKTOP-STD4F8R" name="DataParameterization.ActiTimeLogin" tests="2" failures="0" timestamp="2021-06-26T15:52:27 IST" time="59.781" errors="0">
  <testcase name="loginActiTime" time="45.909" classname="DataParameterization.ActiTimeLogin"/>
  <system-out/>
  <testcase name="loginActiTime" time="13.872" classname="DataParameterization.ActiTimeLogin"/>
  <system-out/>
</testsuite> <!-- DataParameterization.ActiTimeLogin -->
