<?xml version="1.0" encoding="UTF-8"?>
<!-- Generated by org.testng.reporters.JUnitReportReporter -->
<testsuite skipped="0" hostname="DESKTOP-STD4F8R" name="Annotation.TestNgAnnotation" tests="1" failures="0" timestamp="2021-06-30T08:44:06 IST" time="0.015" errors="0">
  <testcase name="f" time="0.015" classname="Annotation.TestNgAnnotation"/>
  <system-out>
    <![CDATA[TestCase ]]>
  </system-out>
</testsuite> <!-- Annotation.TestNgAnnotation -->
