<?xml version="1.0" encoding="UTF-8"?>
<!-- Generated by org.testng.reporters.JUnitReportReporter -->
<testsuite skipped="0" hostname="DESKTOP-STD4F8R" name="ParallelExecution.Class4" tests="2" failures="0" timestamp="2021-06-28T21:47:48 IST" time="54.936" errors="0">
  <testcase name="setUp" time="50.492" classname="ParallelExecution.Class4"/>
  <system-out/>
  <testcase name="tearDown" time="4.444" classname="ParallelExecution.Class4"/>
  <system-out/>
</testsuite> <!-- ParallelExecution.Class4 -->
