<?xml version="1.0" encoding="UTF-8"?>
<!-- Generated by org.testng.reporters.JUnitReportReporter -->
<testsuite skipped="0" hostname="DESKTOP-STD4F8R" name="FlagsinTestNG.Flag7" tests="12" failures="0" timestamp="2021-06-25T14:45:54 IST" time="0.034" errors="0">
  <testcase name="it6" time="0.002" classname="FlagsinTestNG.Flag7"/>
  <system-out>
    <![CDATA[IT6]]>
  </system-out>
  <testcase name="it5" time="0.004" classname="FlagsinTestNG.Flag7"/>
  <system-out>
    <![CDATA[IT5]]>
  </system-out>
  <testcase name="it3" time="0.001" classname="FlagsinTestNG.Flag7"/>
  <system-out>
    <![CDATA[IT3]]>
  </system-out>
  <testcase name="ft2" time="0.002" classname="FlagsinTestNG.Flag7"/>
  <system-out>
    <![CDATA[FT2]]>
  </system-out>
  <testcase name="ft3" time="0.002" classname="FlagsinTestNG.Flag7"/>
  <system-out>
    <![CDATA[FT3]]>
  </system-out>
  <testcase name="it2" time="0.002" classname="FlagsinTestNG.Flag7"/>
  <system-out>
    <![CDATA[IT2]]>
  </system-out>
  <testcase name="ft4" time="0.001" classname="FlagsinTestNG.Flag7"/>
  <system-out>
    <![CDATA[FT4]]>
  </system-out>
  <testcase name="it4" time="0.002" classname="FlagsinTestNG.Flag7"/>
  <system-out>
    <![CDATA[IT4]]>
  </system-out>
  <testcase name="ft6" time="0.002" classname="FlagsinTestNG.Flag7"/>
  <system-out>
    <![CDATA[FT6]]>
  </system-out>
  <testcase name="it1" time="0.002" classname="FlagsinTestNG.Flag7"/>
  <system-out>
    <![CDATA[IT1]]>
  </system-out>
  <testcase name="ft1" time="0.012" classname="FlagsinTestNG.Flag7"/>
  <system-out>
    <![CDATA[FT1]]>
  </system-out>
  <testcase name="ft5" time="0.002" classname="FlagsinTestNG.Flag7"/>
  <system-out>
    <![CDATA[FT5]]>
  </system-out>
</testsuite> <!-- FlagsinTestNG.Flag7 -->
