<?xml version="1.0" encoding="UTF-8"?>
<!-- Generated by org.testng.reporters.JUnitReportReporter -->
<testsuite skipped="0" hostname="DESKTOP-STD4F8R" name="FlagsinTestNG.FlagUsingGroup" tests="6" failures="0" timestamp="2021-06-25T15:08:08 IST" time="0.022" errors="0">
  <testcase name="it3" time="0.003" classname="FlagsinTestNG.FlagUsingGroup"/>
  <system-out>
    <![CDATA[IntegrationTestCase]]>
  </system-out>
  <testcase name="ft2" time="0.002" classname="FlagsinTestNG.FlagUsingGroup"/>
  <system-out>
    <![CDATA[FunctionalTestCase]]>
  </system-out>
  <testcase name="ft3" time="0.001" classname="FlagsinTestNG.FlagUsingGroup"/>
  <system-out>
    <![CDATA[FunctionalTestCase]]>
  </system-out>
  <testcase name="it1" time="0.002" classname="FlagsinTestNG.FlagUsingGroup"/>
  <system-out>
    <![CDATA[IntegrationTestCase]]>
  </system-out>
  <testcase name="ft1" time="0.012" classname="FlagsinTestNG.FlagUsingGroup"/>
  <system-out>
    <![CDATA[FunctionalTestCase]]>
  </system-out>
  <testcase name="it2" time="0.002" classname="FlagsinTestNG.FlagUsingGroup"/>
  <system-out>
    <![CDATA[IntegrationTestCase]]>
  </system-out>
</testsuite> <!-- FlagsinTestNG.FlagUsingGroup -->
