<?xml version="1.0" encoding="UTF-8"?>
<!-- Generated by org.testng.reporters.JUnitReportReporter -->
<testsuite skipped="0" hostname="DESKTOP-STD4F8R" name="Assertion.TestOrangeHRM" tests="1" failures="0" timestamp="2021-06-29T09:19:13 IST" time="21.348" errors="0">
  <testcase name="testOrangeHRM" time="21.348" classname="Assertion.TestOrangeHRM"/>
  <system-out>
    <![CDATA[Create the user
Create settings]]>
  </system-out>
</testsuite> <!-- Assertion.TestOrangeHRM -->
