<?xml version="1.0" encoding="UTF-8"?>
<!-- Generated by org.testng.reporters.JUnitReportReporter -->
<testsuite skipped="0" hostname="DESKTOP-STD4F8R" name="DataParameterization.DataParameter" tests="2" failures="0" timestamp="2021-06-26T10:04:58 IST" time="44.533" errors="0">
  <testcase name="launchBrowser" time="33.965" classname="DataParameterization.DataParameter"/>
  <system-out/>
  <testcase name="launchBrowser" time="10.568" classname="DataParameterization.DataParameter"/>
  <system-out/>
</testsuite> <!-- DataParameterization.DataParameter -->
