<?xml version="1.0" encoding="UTF-8"?>
<!-- Generated by org.testng.reporters.JUnitReportReporter -->
<testsuite skipped="0" hostname="DESKTOP-STD4F8R" name="TestNGDataProviderAnnotation.DataDrivenApproach" tests="5" failures="0" timestamp="2021-07-01T08:54:33 IST" time="88.073" errors="0">
  <testcase name="loginActiTimeInvalid" time="18.971" classname="TestNGDataProviderAnnotation.DataDrivenApproach"/>
  <system-out/>
  <testcase name="loginActiTimeInvalid" time="16.578" classname="TestNGDataProviderAnnotation.DataDrivenApproach"/>
  <system-out/>
  <testcase name="loginActiTimeInvalid" time="12.782" classname="TestNGDataProviderAnnotation.DataDrivenApproach"/>
  <system-out/>
  <testcase name="loginActiTimeInvalid" time="13.484" classname="TestNGDataProviderAnnotation.DataDrivenApproach"/>
  <system-out/>
  <testcase name="loginActiTimeInvalid" time="26.258" classname="TestNGDataProviderAnnotation.DataDrivenApproach"/>
  <system-out/>
</testsuite> <!-- TestNGDataProviderAnnotation.DataDrivenApproach -->
