<?xml version="1.0" encoding="UTF-8"?>
<!-- Generated by org.testng.reporters.JUnitReportReporter -->
<testsuite skipped="0" hostname="DESKTOP-STD4F8R" name="testNG.Remo" tests="1" failures="0" timestamp="2021-06-24T08:40:18 IST" time="0.020" errors="0">
  <testcase name="gun" time="0.020" classname="testNG.Remo"/>
  <system-out>
    <![CDATA[Hiee I am from b]]>
  </system-out>
</testsuite> <!-- testNG.Remo -->
