<?xml version="1.0" encoding="UTF-8"?>
<!-- Generated by org.testng.reporters.JUnitReportReporter -->
<testsuite skipped="0" hostname="DESKTOP-STD4F8R" name="ParallelExecution.mathodparallely2" tests="2" failures="0" timestamp="2021-06-28T21:37:45 IST" time="0.019" errors="0">
  <testcase name="methodA" time="0.017" classname="ParallelExecution.mathodparallely2"/>
  <system-out>
    <![CDATA[Hi , I am method1 1]]>
  </system-out>
  <testcase name="methodB" time="0.002" classname="ParallelExecution.mathodparallely2"/>
  <system-out>
    <![CDATA[Hi , I am method2 1]]>
  </system-out>
</testsuite> <!-- ParallelExecution.mathodparallely2 -->
