<?xml version="1.0" encoding="UTF-8"?>
<!-- Generated by org.testng.reporters.JUnitReportReporter -->
<testsuite skipped="1" hostname="DESKTOP-STD4F8R" name="FlagsinTestNG.FlagUsingEnabled" tests="4" failures="0" timestamp="2021-06-25T14:38:05 IST" time="0.017" errors="0">
  <testcase name="createUser" time="0.014" classname="FlagsinTestNG.FlagUsingEnabled"/>
  <system-out>
    <![CDATA[CreateUser from the application]]>
  </system-out>
  <testcase name="login" time="0.001" classname="FlagsinTestNG.FlagUsingEnabled"/>
  <system-out>
    <![CDATA[Login from the application]]>
  </system-out>
  <testcase name="viewUser" time="0.002" classname="FlagsinTestNG.FlagUsingEnabled"/>
  <system-out>
    <![CDATA[ViewUser from the applicaton]]>
  </system-out>
  <testcase name="logout" classname="FlagsinTestNG.FlagUsingEnabled">
    <skipped/>
  </testcase> <!-- logout -->
  <system-out/>
</testsuite> <!-- FlagsinTestNG.FlagUsingEnabled -->
