<?xml version="1.0" encoding="UTF-8"?>
<!-- Generated by org.testng.reporters.JUnitReportReporter -->
<testsuite skipped="0" hostname="DESKTOP-STD4F8R" name="FlagsinTestNG.FlagUsingPriority" tests="4" failures="0" timestamp="2021-06-25T14:26:20 IST" time="0.031" errors="0">
  <testcase name="z" time="0.006" classname="FlagsinTestNG.FlagUsingPriority"/>
  <system-out>
    <![CDATA[hiee I am from method Z]]>
  </system-out>
  <testcase name="d" time="0.015" classname="FlagsinTestNG.FlagUsingPriority"/>
  <system-out>
    <![CDATA[hiee I am from method A]]>
  </system-out>
  <testcase name="b" time="0.006" classname="FlagsinTestNG.FlagUsingPriority"/>
  <system-out>
    <![CDATA[hiee I am from method B]]>
  </system-out>
  <testcase name="e" time="0.004" classname="FlagsinTestNG.FlagUsingPriority"/>
  <system-out>
    <![CDATA[hiee I am from method E]]>
  </system-out>
</testsuite> <!-- FlagsinTestNG.FlagUsingPriority -->
