<?xml version="1.0" encoding="UTF-8"?>
<!-- Generated by org.testng.reporters.JUnitReportReporter -->
<testsuite skipped="0" hostname="DESKTOP-STD4F8R" name="testNG.Demo" tests="1" failures="0" timestamp="2021-06-24T08:40:18 IST" time="0.003" errors="0">
  <testcase name="run" time="0.003" classname="testNG.Demo"/>
  <system-out>
    <![CDATA[Hiee I am from a]]>
  </system-out>
</testsuite> <!-- testNG.Demo -->
