<?xml version="1.0" encoding="UTF-8"?>
<!-- Generated by org.testng.reporters.JUnitReportReporter -->
<testsuite skipped="0" hostname="DESKTOP-STD4F8R" name="ParallelExecution.Class2" tests="2" failures="0" timestamp="2021-06-28T21:47:48 IST" time="54.118" errors="0">
  <testcase name="tearDown" time="3.626" classname="ParallelExecution.Class2"/>
  <system-out/>
  <testcase name="setUp" time="50.492" classname="ParallelExecution.Class2"/>
  <system-out/>
</testsuite> <!-- ParallelExecution.Class2 -->
